INFO  07-10 12:51:52,741 - Using "C:\Users\Keith\AppData\Local\Temp\vfs_cache" as temporary files store.
INFO  07-10 12:51:54,131 - Kitchen - Kitchen
INFO  07-10 12:51:54,134 - Kitchen - Kitchen
INFO  07-10 12:51:54,998 - Create Data Warehouse - Start of job execution
INFO  07-10 12:51:55,019 - Create Data Warehouse - Starting entry [Load Simple High Level Dimensions]
INFO  07-10 12:51:55,501 - Load Simple High Level Dimensions - Start of job execution
INFO  07-10 12:51:55,520 - Load Simple High Level Dimensions - Starting entry [Load dim_account_action]
INFO  07-10 12:51:55,524 - Load Simple High Level Dimensions - Launched job entry [Load dim_account_action] in parallel.
INFO  07-10 12:51:55,530 - Load Simple High Level Dimensions - Starting entry [Load dim_currency]
INFO  07-10 12:51:55,537 - Load dim_currency - Loading transformation from XML file [file:///C:/dev/businessIntelligenceRepo/bi/JohnWoodlockWorkInProgress/MifosDataWarehouseETL/load_currency_dim.ktr]
INFO  07-10 12:51:55,617 - Load Simple High Level Dimensions - Launched job entry [Load dim_currency] in parallel.
INFO  07-10 12:51:55,621 - Load Simple High Level Dimensions - Starting entry [Load dim_fee]
INFO  07-10 12:51:55,625 - Load dim_account_action - Loading transformation from XML file [file:///C:/dev/businessIntelligenceRepo/bi/JohnWoodlockWorkInProgress/MifosDataWarehouseETL/load_account_action_dim.ktr]
INFO  07-10 12:51:55,626 - Load Simple High Level Dimensions - Launched job entry [Load dim_fee] in parallel.
INFO  07-10 12:51:55,628 - Load dim_fee - Loading transformation from XML file [file:///C:/dev/businessIntelligenceRepo/bi/JohnWoodlockWorkInProgress/MifosDataWarehouseETL/load_fees_dim.ktr]
INFO  07-10 12:51:55,631 - Load Simple High Level Dimensions - Starting entry [Load dim_product]
INFO  07-10 12:51:55,636 - Load Simple High Level Dimensions - Launched job entry [Load dim_product] in parallel.
INFO  07-10 12:51:55,640 - Load Simple High Level Dimensions - Starting entry [Load dim_office]
INFO  07-10 12:51:55,643 - Load Simple High Level Dimensions - Launched job entry [Load dim_office] in parallel.
INFO  07-10 12:51:55,660 - Load dim_product - Loading transformation from XML file [file:///C:/dev/businessIntelligenceRepo/bi/JohnWoodlockWorkInProgress/MifosDataWarehouseETL/load_product_dim.ktr]
INFO  07-10 12:51:55,663 - Load dim_office - Loading transformation from XML file [file:///C:/dev/businessIntelligenceRepo/bi/JohnWoodlockWorkInProgress/MifosDataWarehouseETL/load_office_dim.ktr]
INFO  07-10 12:51:58,232 - load_currency_dim - Dispatching started for transformation [load_currency_dim]
INFO  07-10 12:51:58,369 - load_currency_dim - This transformation can be replayed with replay date: 2010/10/07 12:51:58
INFO  07-10 12:51:58,401 - load_product_dim - Dispatching started for transformation [load_product_dim]
INFO  07-10 12:51:58,427 - load_product_dim - This transformation can be replayed with replay date: 2010/10/07 12:51:58
INFO  07-10 12:51:58,777 - load_office_dim - Dispatching started for transformation [load_office_dim]
INFO  07-10 12:51:58,785 - load_office_dim - This transformation can be replayed with replay date: 2010/10/07 12:51:58
INFO  07-10 12:51:58,835 - load_fees_dim - Dispatching started for transformation [load_fees_dim]
INFO  07-10 12:51:58,846 - load_fees_dim - This transformation can be replayed with replay date: 2010/10/07 12:51:58
INFO  07-10 12:51:59,007 - load_account_action_dim - Dispatching started for transformation [load_account_action_dim]
INFO  07-10 12:51:59,018 - load_account_action_dim - This transformation can be replayed with replay date: 2010/10/07 12:51:59
INFO  07-10 12:51:59,165 - Extract Currency Data - Finished reading query, closing connection.
INFO  07-10 12:51:59,165 - Extract Account Action Data - Finished reading query, closing connection.
INFO  07-10 12:51:59,166 - Extract Product Data - Finished reading query, closing connection.
INFO  07-10 12:51:59,168 - Extract Office Data - Finished reading query, closing connection.
INFO  07-10 12:51:59,168 - Extract Fee Data - Finished reading query, closing connection.
INFO  07-10 12:51:59,177 - Extract Currency Data - Finished processing (I=178, O=0, R=0, W=178, U=0, E=0)
INFO  07-10 12:51:59,181 - Extract Product Data - Finished processing (I=9, O=0, R=0, W=9, U=0, E=0)
INFO  07-10 12:51:59,181 - Extract Account Action Data - Finished processing (I=20, O=0, R=0, W=20, U=0, E=0)
INFO  07-10 12:51:59,183 - Extract Office Data - Finished processing (I=6, O=0, R=0, W=6, U=0, E=0)
INFO  07-10 12:51:59,183 - Extract Fee Data - Finished processing (I=8, O=0, R=0, W=8, U=0, E=0)
INFO  07-10 12:51:59,248 - Office Dimension lookup/update - Finished processing (I=6, O=6, R=6, W=6, U=0, E=0)
INFO  07-10 12:51:59,262 - Fee Dimension lookup/update - Finished processing (I=8, O=8, R=8, W=8, U=0, E=0)
INFO  07-10 12:51:59,271 - Product Dimension lookup/update - Finished processing (I=9, O=9, R=9, W=9, U=0, E=0)
INFO  07-10 12:51:59,281 - Account Action Dimension lookup/update - Finished processing (I=20, O=20, R=20, W=20, U=0, E=0)
INFO  07-10 12:51:59,435 - Currency Dimension lookup/update - Finished processing (I=178, O=178, R=178, W=178, U=0, E=0)
INFO  07-10 12:51:59,446 - Load Simple High Level Dimensions - Job execution finished
INFO  07-10 12:51:59,462 - Create Data Warehouse - Starting entry [Load Personnel Dimension]
INFO  07-10 12:51:59,917 - Load Personnel Dimension - Start of job execution
INFO  07-10 12:51:59,934 - Load Personnel Dimension - Starting entry [Load dim_personnel]
INFO  07-10 12:51:59,938 - Load dim_personnel - Loading transformation from XML file [file:///C:/dev/businessIntelligenceRepo/bi/JohnWoodlockWorkInProgress/MifosDataWarehouseETL/load_personnel_dim.ktr]
INFO  07-10 12:52:00,510 - Load dim_personnel - Dispatching started for transformation [Load dim_personnel]
INFO  07-10 12:52:00,524 - Load dim_personnel - This transformation can be replayed with replay date: 2010/10/07 12:52:00
INFO  07-10 12:52:00,564 - Extract Personnel Data - Finished reading query, closing connection.
INFO  07-10 12:52:00,568 - Extract Personnel Data - Finished processing (I=6, O=0, R=0, W=6, U=0, E=0)
INFO  07-10 12:52:00,574 - Office lookup - Finished processing (I=7, O=0, R=6, W=6, U=0, E=0)
INFO  07-10 12:52:00,587 - Personnel Dimension lookup/update - Finished processing (I=6, O=6, R=6, W=6, U=0, E=0)
INFO  07-10 12:52:00,594 - Load Personnel Dimension - Finished job entry [Load dim_personnel] (result=[true])
INFO  07-10 12:52:00,601 - Load Personnel Dimension - Job execution finished
INFO  07-10 12:52:00,611 - Create Data Warehouse - Starting entry [Load Staging Tables]
INFO  07-10 12:52:01,104 - Load Staging Tables - Start of job execution
INFO  07-10 12:52:01,125 - Load Staging Tables - Starting entry [Clear Down Staging Tables]
INFO  07-10 12:52:01,150 - Load Staging Tables - Starting entry [Load stg_personnel_names_and_name_changes]
INFO  07-10 12:52:01,154 - Load stg_personnel_names_and_name_changes - Loading transformation from XML file [file:///C:/dev/businessIntelligenceRepo/bi/JohnWoodlockWorkInProgress/MifosDataWarehouseETL/load_stg_personnel_names_and_name_changes.ktr]
INFO  07-10 12:52:01,727 - Load stg_personnel_names_and_name_changes - Dispatching started for transformation [Load stg_personnel_names_and_name_changes]
INFO  07-10 12:52:01,738 - Load stg_personnel_names_and_name_changes - This transformation can be replayed with replay date: 2010/10/07 12:52:01
INFO  07-10 12:52:01,750 - Write stg_personnel_names_and_name_changes - Connected to database [DestinationDB] (commit=1000)
INFO  07-10 12:52:01,756 - Read Personnel Names (and name changes) - Finished reading query, closing connection.
INFO  07-10 12:52:01,761 - Read Personnel Names (and name changes) - Finished processing (I=7, O=0, R=0, W=7, U=0, E=0)
INFO  07-10 12:52:01,768 - Write stg_personnel_names_and_name_changes - Finished processing (I=0, O=7, R=7, W=7, U=0, E=0)
INFO  07-10 12:52:01,777 - Load Staging Tables - Starting entry [Load stg_customer_and_account_updates For Customers]
INFO  07-10 12:52:01,780 - Load stg_customer_and_account_updates For Customers - Loading transformation from XML file [file:///C:/dev/businessIntelligenceRepo/bi/JohnWoodlockWorkInProgress/MifosDataWarehouseETL/load_stg_customer_and_account_updates_For_Customers.ktr]
INFO  07-10 12:52:02,350 - Load stg_customer_and_account_updates For Customers - Dispatching started for transformation [Load stg_customer_and_account_updates For Customers]
INFO  07-10 12:52:02,418 - Load stg_customer_and_account_updates For Customers - This transformation can be replayed with replay date: 2010/10/07 12:52:02
INFO  07-10 12:52:02,481 - Write stg_customer_and_account_updates - Connected to database [DestinationDB] (commit=1000)
INFO  07-10 12:52:02,654 - Get Group (without center hierarchy) - Loan Officer Reassignments - Finished reading query, closing connection.
INFO  07-10 12:52:02,655 - New Groups (within center hierarchy) - Finished reading query, closing connection.
INFO  07-10 12:52:02,656 - Center Status Changes - Finished reading query, closing connection.
INFO  07-10 12:52:02,656 - New Centers - Finished reading query, closing connection.
INFO  07-10 12:52:02,657 - Group Status Changes - Finished reading query, closing connection.
INFO  07-10 12:52:02,657 - Get Center Hierarchy Changes - Loan Officer Reassignments - Finished reading query, closing connection.
INFO  07-10 12:52:02,660 - New Groups (within center hierarchy) - Finished processing (I=11, O=0, R=0, W=11, U=0, E=0)
INFO  07-10 12:52:02,662 - Group Hierarchy Changes - Finished reading query, closing connection.
INFO  07-10 12:52:02,664 - Clients Group Membership Removed - Finished reading query, closing connection.
INFO  07-10 12:52:02,664 - New Clients (with group membership) - Finished reading query, closing connection.
INFO  07-10 12:52:02,669 - New Centers - Finished processing (I=6, O=0, R=0, W=6, U=0, E=0)
INFO  07-10 12:52:02,669 - Get Group (w/o center hierarchy) Branch Changes - Finished reading query, closing connection.
INFO  07-10 12:52:02,670 - New Groups (w/o center hierarchy) - Finished reading query, closing connection.
INFO  07-10 12:52:02,672 - Get Client(w/o group membership) Branch Changes - Finished reading query, closing connection.
INFO  07-10 12:52:02,675 - New Clients (with group membership) - Finished processing (I=40, O=0, R=0, W=40, U=0, E=0)
INFO  07-10 12:52:02,684 - Get Client (without group membership) - Loan Officer Reassignments - Finished reading query, closing connection.
INFO  07-10 12:52:02,686 - Group Status Changes - Finished processing (I=11, O=0, R=0, W=11, U=0, E=0)
INFO  07-10 12:52:02,687 - Client Hierarchy Changes - Finished reading query, closing connection.
INFO  07-10 12:52:02,687 - New Clients (w/o group membership) - Finished reading query, closing connection.
INFO  07-10 12:52:02,691 - Client Status Changes - Finished reading query, closing connection.
INFO  07-10 12:52:02,694 - Client Status Changes - Finished processing (I=40, O=0, R=0, W=40, U=0, E=0)
INFO  07-10 12:52:02,721 - Lookup Loan Officer Id - Finished processing (I=6, O=0, R=6, W=6, U=0, E=0)
INFO  07-10 12:52:02,723 - Remove Loan Officer Name - Finished processing (I=0, O=0, R=6, W=6, U=0, E=0)
INFO  07-10 12:52:02,755 - Write stg_customer_and_account_updates - Finished processing (I=0, O=108, R=108, W=108, U=0, E=0)
INFO  07-10 12:52:02,805 - Load Staging Tables - Starting entry [Load stg_customer_and_account_updates For Accounts]
INFO  07-10 12:52:02,807 - Load stg_customer_and_account_updates For Accounts - Loading transformation from XML file [file:///C:/dev/businessIntelligenceRepo/bi/JohnWoodlockWorkInProgress/MifosDataWarehouseETL/load_stg_customer_and_account_updates_For_Accounts.ktr]
INFO  07-10 12:52:03,379 - Load stg_customer_and_account_updates For Accounts - Dispatching started for transformation [Load stg_customer_and_account_updates For Accounts]
INFO  07-10 12:52:03,395 - Load stg_customer_and_account_updates For Accounts - This transformation can be replayed with replay date: 2010/10/07 12:52:03
INFO  07-10 12:52:03,404 - Write stg_customer_and_account_updates - Connected to database [DestinationDB] (commit=1000)
INFO  07-10 12:52:03,439 - Identify Savings Account Status Changes - Finished reading query, closing connection.
INFO  07-10 12:52:03,444 - Identify Savings Account Status Changes - Finished processing (I=36, O=0, R=0, W=36, U=0, E=0)
INFO  07-10 12:52:03,446 - Identify New Savings Accounts - Finished reading query, closing connection.
INFO  07-10 12:52:03,450 - Identify New Savings Accounts - Finished processing (I=36, O=0, R=0, W=36, U=0, E=0)
INFO  07-10 12:52:03,458 - Identify New Loan Accounts - Finished reading query, closing connection.
INFO  07-10 12:52:03,463 - Identify New Loan Accounts - Finished processing (I=118, O=0, R=0, W=118, U=0, E=0)
INFO  07-10 12:52:03,488 - Identify Loan Account Status Changes - Finished reading query, closing connection.
INFO  07-10 12:52:03,492 - Identify Loan Account Status Changes - Finished processing (I=343, O=0, R=0, W=343, U=0, E=0)
INFO  07-10 12:52:03,601 - Write stg_customer_and_account_updates - Finished processing (I=0, O=533, R=533, W=533, U=0, E=0)
INFO  07-10 12:52:03,610 - Load Staging Tables - Starting entry [Load stg_customer_type1_columns]
INFO  07-10 12:52:03,613 - Load Staging Tables - Launched job entry [Load stg_customer_type1_columns] in parallel.
INFO  07-10 12:52:03,613 - Load stg_customer_type1_columns - Loading transformation from XML file [file:///C:/dev/businessIntelligenceRepo/bi/JohnWoodlockWorkInProgress/MifosDataWarehouseETL/load_stg_customer_type1_columns.ktr]
INFO  07-10 12:52:03,618 - Load Staging Tables - Starting entry [Load stg_customer_type1_columns 2]
INFO  07-10 12:52:03,625 - Load Staging Tables - Launched job entry [Load stg_customer_type1_columns 2] in parallel.
INFO  07-10 12:52:03,629 - Load stg_customer_type1_columns 2 - Loading transformation from XML file [file:///C:/dev/businessIntelligenceRepo/bi/JohnWoodlockWorkInProgress/MifosDataWarehouseETL/load_stg_loan_type1_columns.ktr]
INFO  07-10 12:52:04,272 - Loan stg_loan_type1_columns - Dispatching started for transformation [Loan stg_loan_type1_columns]
INFO  07-10 12:52:04,285 - Loan stg_loan_type1_columns - This transformation can be replayed with replay date: 2010/10/07 12:52:04
INFO  07-10 12:52:04,297 - Write stg_loan_type1_columns - Connected to database [DestinationDB] (commit=1000)
INFO  07-10 12:52:04,323 - Identify Staged Loans - Finished reading query, closing connection.
INFO  07-10 12:52:04,326 - Identify Staged Loans - Finished processing (I=118, O=0, R=0, W=118, U=0, E=0)
INFO  07-10 12:52:04,351 - Load stg_customer_type1_columns - Dispatching started for transformation [Load stg_customer_type1_columns]
INFO  07-10 12:52:04,363 - Load stg_customer_type1_columns - This transformation can be replayed with replay date: 2010/10/07 12:52:04
INFO  07-10 12:52:04,401 - Write stg_customer_type1_columns - Connected to database [DestinationDB] (commit=1000)
INFO  07-10 12:52:04,429 - Database join - Finished processing (I=236, O=0, R=118, W=118, U=0, E=0)
INFO  07-10 12:52:04,434 - Identify Staged Customers - Finished reading query, closing connection.
INFO  07-10 12:52:04,437 - Identify Staged Customers - Finished processing (I=57, O=0, R=0, W=57, U=0, E=0)
INFO  07-10 12:52:04,473 - Write stg_loan_type1_columns - Finished processing (I=0, O=118, R=118, W=118, U=0, E=0)
INFO  07-10 12:52:04,473 - Database join - Finished processing (I=114, O=0, R=57, W=57, U=0, E=0)
INFO  07-10 12:52:04,492 - Write stg_customer_type1_columns - Finished processing (I=0, O=57, R=57, W=57, U=0, E=0)
INFO  07-10 12:52:04,498 - Load Staging Tables - Finished job entry [Load stg_customer_and_account_updates For Accounts] (result=[true])
INFO  07-10 12:52:04,501 - Load Staging Tables - Finished job entry [Load stg_customer_and_account_updates For Customers] (result=[true])
INFO  07-10 12:52:04,503 - Load Staging Tables - Finished job entry [Load stg_personnel_names_and_name_changes] (result=[true])
INFO  07-10 12:52:04,506 - Load Staging Tables - Finished job entry [Clear Down Staging Tables] (result=[true])
INFO  07-10 12:52:04,513 - Load Staging Tables - Job execution finished
INFO  07-10 12:52:04,531 - Create Data Warehouse - Starting entry [Load Customer And Loan And Savings Dimensions]
INFO  07-10 12:52:05,037 - Load Customer And Loan And Savings Dimensions - Start of job execution
INFO  07-10 12:52:05,056 - Load Customer And Loan And Savings Dimensions - Starting entry [Load dim_customer, dim_loan and dim_savings]
INFO  07-10 12:52:05,059 - Load dim_customer, dim_loan and dim_savings - Loading transformation from XML file [file:///C:/dev/businessIntelligenceRepo/bi/JohnWoodlockWorkInProgress/MifosDataWarehouseETL/load_customer_loan_savings_dim.ktr]
INFO  07-10 12:52:05,668 - load_customer_loan_savings_dim - Dispatching started for transformation [load_customer_loan_savings_dim]
INFO  07-10 12:52:05,676 - load_customer_loan_savings_dim - This transformation can be replayed with replay date: 2010/10/07 12:52:05
INFO  07-10 12:52:06,199 - Load Customers, Loans and Savings - Finished reading query, closing connection.
INFO  07-10 12:52:06,201 - Load Customers, Loans and Savings - Finished processing (I=0, O=0, R=0, W=1, U=0, E=0)
INFO  07-10 12:52:06,207 - Load Customer And Loan And Savings Dimensions - Finished job entry [Load dim_customer, dim_loan and dim_savings] (result=[true])
INFO  07-10 12:52:06,214 - Load Customer And Loan And Savings Dimensions - Job execution finished
INFO  07-10 12:52:06,225 - Create Data Warehouse - Starting entry [Load Fact Tables]
INFO  07-10 12:52:06,685 - Load Fact Tables - Start of job execution
INFO  07-10 12:52:06,702 - Load Fact Tables - Starting entry [Load fact_loan_disbursals]
INFO  07-10 12:52:06,704 - Load Fact Tables - Launched job entry [Load fact_loan_disbursals] in parallel.
INFO  07-10 12:52:06,709 - Load Fact Tables - Starting entry [Load fact_client_attendances]
INFO  07-10 12:52:06,712 - Load Fact Tables - Launched job entry [Load fact_client_attendances] in parallel.
INFO  07-10 12:52:06,717 - Load fact_loan_disbursals - Loading transformation from XML file [file:///C:/dev/businessIntelligenceRepo/bi/JohnWoodlockWorkInProgress/MifosDataWarehouseETL/Load_LoanDisbursals.ktr]
INFO  07-10 12:52:06,730 - Load fact_client_attendances - Loading transformation from XML file [file:///C:/dev/businessIntelligenceRepo/bi/JohnWoodlockWorkInProgress/MifosDataWarehouseETL/Load_ClientAttendances.ktr]
INFO  07-10 12:52:06,772 - Load Fact Tables - Starting entry [Load fact_loan_repayments]
INFO  07-10 12:52:06,775 - Load Fact Tables - Launched job entry [Load fact_loan_repayments] in parallel.
INFO  07-10 12:52:06,780 - Load Fact Tables - Starting entry [Load dw_loan_schedules]
INFO  07-10 12:52:06,782 - Load Fact Tables - Launched job entry [Load dw_loan_schedules] in parallel.
INFO  07-10 12:52:06,813 - Load fact_loan_repayments - Loading transformation from XML file [file:///C:/dev/businessIntelligenceRepo/bi/JohnWoodlockWorkInProgress/MifosDataWarehouseETL/Load_LoanRepayments.ktr]
INFO  07-10 12:52:06,840 - Load Fact Tables - Starting entry [Load fact_savings_transactions]
INFO  07-10 12:52:06,842 - Load dw_loan_schedules - Loading transformation from XML file [file:///C:/dev/businessIntelligenceRepo/bi/JohnWoodlockWorkInProgress/MifosDataWarehouseETL/Load_DW_Loan_Schedules.ktr]
INFO  07-10 12:52:06,846 - Load Fact Tables - Launched job entry [Load fact_savings_transactions] in parallel.
INFO  07-10 12:52:06,858 - Load fact_savings_transactions - Loading transformation from XML file [file:///C:/dev/businessIntelligenceRepo/bi/JohnWoodlockWorkInProgress/MifosDataWarehouseETL/Load_SavingsTransactions.ktr]
INFO  07-10 12:52:07,792 - Load_ClientAttendances - Dispatching started for transformation [Load_ClientAttendances]
INFO  07-10 12:52:07,840 - Load_ClientAttendances - This transformation can be replayed with replay date: 2010/10/07 12:52:07
INFO  07-10 12:52:07,984 - Create fact_client_attendances - Connected to database [DestinationDB] (commit=1000)
INFO  07-10 12:52:08,003 - Read customer_attendance - Finished reading query, closing connection.
INFO  07-10 12:52:08,064 - Load_DW_Loan_Schedules - Dispatching started for transformation [Load_DW_Loan_Schedules]
INFO  07-10 12:52:08,079 - Load_DW_Loan_Schedules - This transformation can be replayed with replay date: 2010/10/07 12:52:08
INFO  07-10 12:52:08,137 - Create dw_loan_schedules - Connected to database [DestinationDB] (commit=1000)
INFO  07-10 12:52:08,385 - Read loan_schedule - Finished reading query, closing connection.
INFO  07-10 12:52:08,583 - Read loan_schedule - Finished processing (I=1462, O=0, R=0, W=1462, U=0, E=0)
INFO  07-10 12:52:08,602 - Due Date Lookup - Finished processing (I=75, O=0, R=1462, W=1462, U=0, E=0)
INFO  07-10 12:52:08,624 - Load_SavingsTransactions - Dispatching started for transformation [Load_SavingsTransactions]
INFO  07-10 12:52:08,664 - Load_LoanRepayments - Dispatching started for transformation [Load_LoanRepayments]
INFO  07-10 12:52:08,699 - Load_SavingsTransactions - This transformation can be replayed with replay date: 2010/10/07 12:52:08
INFO  07-10 12:52:08,719 - Load_LoanDisbursals - Dispatching started for transformation [Load_LoanDisbursals]
INFO  07-10 12:52:08,733 - Load_LoanRepayments - This transformation can be replayed with replay date: 2010/10/07 12:52:08
INFO  07-10 12:52:08,802 - Load_LoanDisbursals - This transformation can be replayed with replay date: 2010/10/07 12:52:08
INFO  07-10 12:52:08,841 - Create Savings Transactions - Connected to database [DestinationDB] (commit=1000)
INFO  07-10 12:52:08,957 - Create Loan Disbursals - Connected to database [DestinationDB] (commit=1000)
INFO  07-10 12:52:08,969 - Create Loan Repayments - Connected to database [DestinationDB] (commit=1000)
INFO  07-10 12:52:08,989 - Read account_trxn for Savings Transactions - Finished reading query, closing connection.
INFO  07-10 12:52:08,997 - Read account_trxn - Finished reading query, closing connection.
INFO  07-10 12:52:09,013 - Read account_trxn - Finished processing (I=113, O=0, R=0, W=113, U=0, E=0)
INFO  07-10 12:52:09,020 - Read account_trxn for Savings Transactions - Finished processing (I=36, O=0, R=0, W=36, U=0, E=0)
INFO  07-10 12:52:09,026 - Read account_trxn - Finished reading query, closing connection.
INFO  07-10 12:52:09,033 - Action Date Lookup - Finished processing (I=1, O=0, R=36, W=36, U=0, E=0)
INFO  07-10 12:52:09,047 - Disbursal Date Lookup - Finished processing (I=2, O=0, R=113, W=113, U=0, E=0)
INFO  07-10 12:52:09,052 - Due Date Lookup - Finished processing (I=1, O=0, R=36, W=36, U=0, E=0)
INFO  07-10 12:52:09,061 - Create Date Lookup - Finished processing (I=2, O=0, R=113, W=113, U=0, E=0)
INFO  07-10 12:52:09,072 - Create Date Lookup - Finished processing (I=1, O=0, R=36, W=36, U=0, E=0)
INFO  07-10 12:52:09,072 - Account Action lookup - Finished processing (I=21, O=0, R=113, W=113, U=0, E=0)
INFO  07-10 12:52:09,248 - Create dw_loan_schedules - Finished processing (I=0, O=1462, R=1462, W=1462, U=0, E=0)
INFO  07-10 12:52:09,257 - Filter rows - Finished processing (I=0, O=0, R=113, W=113, U=0, E=0)
INFO  07-10 12:52:09,264 - Lookup Latest Pre Active Loan Account Entry - Finished processing (I=113, O=0, R=113, W=113, U=0, E=0)
INFO  07-10 12:52:09,264 - Remove null Key Columns - Finished processing (I=0, O=0, R=39, W=39, U=0, E=0)
INFO  07-10 12:52:09,267 - Account Action lookup - Finished processing (I=21, O=0, R=36, W=36, U=0, E=0)
INFO  07-10 12:52:09,317 - Savings Account - get latest open entry - Finished processing (I=36, O=0, R=36, W=36, U=0, E=0)
INFO  07-10 12:52:09,321 - Lookup Earliest Pre Active Loan Account Entry 2 - Finished processing (I=39, O=0, R=39, W=39, U=0, E=0)
INFO  07-10 12:52:09,325 - Filter rows - Finished processing (I=0, O=0, R=36, W=36, U=0, E=0)
INFO  07-10 12:52:09,364 - Create Loan Disbursals - Finished processing (I=0, O=113, R=113, W=113, U=0, E=0)
INFO  07-10 12:52:09,385 - Create Savings Transactions - Finished processing (I=0, O=36, R=36, W=36, U=0, E=0)
INFO  07-10 12:52:09,410 - Load Fact Tables - Job execution finished
INFO  07-10 12:52:09,432 - Create Data Warehouse - Starting entry [Adjust Customer Status Values]
INFO  07-10 12:52:09,883 - Adjust Customer Status Values - Start of job execution
INFO  07-10 12:52:09,900 - Adjust Customer Status Values - Starting entry [SQL]
INFO  07-10 12:52:10,138 - Adjust Customer Status Values - Finished job entry [SQL] (result=[true])
INFO  07-10 12:52:10,145 - Adjust Customer Status Values - Job execution finished
INFO  07-10 12:52:10,155 - Create Data Warehouse - Starting entry [Mail Success]
INFO  07-10 12:52:16,965 - Create Data Warehouse - Finished job entry [Mail Success] (result=[true])
INFO  07-10 12:52:16,970 - Create Data Warehouse - Finished job entry [Adjust Customer Status Values] (result=[true])
INFO  07-10 12:52:16,973 - Create Data Warehouse - Finished job entry [Load Fact Tables] (result=[true])
INFO  07-10 12:52:16,976 - Create Data Warehouse - Finished job entry [Load Customer And Loan And Savings Dimensions] (result=[true])
INFO  07-10 12:52:16,978 - Create Data Warehouse - Finished job entry [Load Staging Tables] (result=[true])
INFO  07-10 12:52:16,983 - Create Data Warehouse - Finished job entry [Load Personnel Dimension] (result=[true])
INFO  07-10 12:52:16,985 - Create Data Warehouse - Finished job entry [Load Simple High Level Dimensions] (result=[true])
INFO  07-10 12:52:16,993 - Create Data Warehouse - Job execution finished
INFO  07-10 12:52:16,996 - Kitchen - Kitchen
INFO  07-10 12:52:16,998 - Kitchen - Kitchen
INFO  07-10 12:52:17,001 - Kitchen - Kitchen
